<?xml version="1.0" encoding="UTF-8"?>
<!-- Generated by org.testng.reporters.JUnitXMLReporter -->
<testsuite hostname="chandu-PC" ignored="0" name="Default test" tests="1" failures="0" timestamp="19 Mar 2018 18:49:00 GMT" time="0.3" errors="0">
  <testcase name="@BeforeTest launchBrowser" time="0.106" classname="mytest.TrivagoTest">
    <failure type="java.lang.NoSuchMethodError" message="org.openqa.selenium.chrome.ChromeOptions.addArguments([Ljava/lang/String;)Lorg/openqa/selenium/chrome/ChromeOptions;">
      <![CDATA[java.lang.NoSuchMethodError: org.openqa.selenium.chrome.ChromeOptions.addArguments([Ljava/lang/String;)Lorg/openqa/selenium/chrome/ChromeOptions;at mytest.TrivagoTest.launchBrowser(TrivagoTest.java:38)at sun.reflect.NativeMethodAccessorImpl.invoke0(Native Method)at sun.reflect.NativeMethodAccessorImpl.invoke(NativeMethodAccessorImpl.java:62)at sun.reflect.DelegatingMethodAccessorImpl.invoke(DelegatingMethodAccessorImpl.java:43)at java.lang.reflect.Method.invoke(Method.java:498)at org.testng.internal.MethodInvocationHelper.invokeMethod(MethodInvocationHelper.java:124)at org.testng.internal.MethodInvocationHelper.invokeMethodConsideringTimeout(MethodInvocationHelper.java:59)at org.testng.internal.Invoker.invokeConfigurationMethod(Invoker.java:451)at org.testng.internal.Invoker.invokeConfigurations(Invoker.java:222)at org.testng.internal.Invoker.invokeConfigurations(Invoker.java:142)at org.testng.TestRunner.beforeRun(TestRunner.java:529)at org.testng.TestRunner.run(TestRunner.java:497)at org.testng.SuiteRunner.runTest(SuiteRunner.java:455)at org.testng.SuiteRunner.runSequentially(SuiteRunner.java:450)at org.testng.SuiteRunner.privateRun(SuiteRunner.java:415)at org.testng.SuiteRunner.run(SuiteRunner.java:364)at org.testng.SuiteRunnerWorker.runSuite(SuiteRunnerWorker.java:52)at org.testng.SuiteRunnerWorker.run(SuiteRunnerWorker.java:84)at org.testng.TestNG.runSuitesSequentially(TestNG.java:1187)at org.testng.TestNG.runSuitesLocally(TestNG.java:1116)at org.testng.TestNG.runSuites(TestNG.java:1028)at org.testng.TestNG.run(TestNG.java:996)at org.testng.remote.AbstractRemoteTestNG.run(AbstractRemoteTestNG.java:114)at org.testng.remote.RemoteTestNG.initAndRun(RemoteTestNG.java:251)at org.testng.remote.RemoteTestNG.main(RemoteTestNG.java:77)]]>
    </failure>
  </testcase> <!-- @BeforeTest launchBrowser -->
  <testcase name="@BeforeMethod verifyHomepageTitle" time="0.0" classname="mytest.TrivagoTest">
    <skipped/>
  </testcase> <!-- @BeforeMethod verifyHomepageTitle -->
  <testcase name="trivagoTestMethod" time="0.0" classname="mytest.TrivagoTest">
    <skipped/>
  </testcase> <!-- trivagoTestMethod -->
</testsuite> <!-- Default test -->
